[bam_sort_core] merging from 0 files and 16 in-memory blocks...
ST Pipeline, parameters loaded
ST Pipeline, logger created
ST Pipeline, sanity check passed. Starting the run.
input_reads_forward: 47885021
input_reads_reverse: 47885021
reads_after_trimming_forward: 45793586
reads_after_trimming_reverse: 45793586
reads_after_rRNA_trimming: 0
reads_after_mapping: 0
reads_after_annotation: 1235433
reads_after_demultiplexing: 20442730
reads_after_duplicates_removal: 659692
genes_found: 17582
duplicates_found: 575741
pipeline_version: 1.8.1
mapper_tool: b'2.7.9a'
annotation_tool: htseq-count Not available
demultiplex_tool: Taggd Not available
input_parameters: ('LogName', 'STPipeline')('adaptor_missmatches', 0)('allowed_kmer', 6)('allowed_missed', 2)('barcode_start', 0)('clean', False)('compute_saturation', False)('contaminant_index', '/gpfs/ysm/project/fan/sb2723/00.database/hg38/STARindex_nc')('disable_annotation', False)('disable_barcode', False)('disable_clipping', True)('disable_mapping', False)('disable_multimap', False)('disable_trimming', False)('disable_umi', False)('expName', 'GBM220418A')('fastq_fw', '/gpfs/ysm/project/fan/sb2723/07.DBiT_GBM/02.effective/GBM220418A/GBM220418A.R1.fq.gz')('fastq_rv', '/gpfs/ysm/project/fan/sb2723/07.DBiT_GBM/02.effective/GBM220418A/GBM220418A.R2.fq.gz')('filter_AT_content', 90)('filter_GC_content', 90)('htseq_mode', 'intersection-nonempty')('htseq_no_ambiguous', True)('ids', '/gpfs/ysm/project/fan/sb2723/00.database/barcodes-AB.xls')('include_non_annotated', False)('inverse_trimming_rv', 0)('keep_discarded_files', False)('logfile', '/gpfs/ysm/project/fan/sb2723/07.DBiT_GBM/03.stpipeline/GBM220418A/GBM220418A_log.txt')('logger', None)('max_intron_size', 1)('min_intron_size', 1)('min_length_trimming', 30)('min_quality_trimming', 20)('output_folder', '/gpfs/ysm/project/fan/sb2723/07.DBiT_GBM/03.stpipeline/GBM220418A')('overhang', 0)('qual64', False)('ref_annotation', '/gpfs/ysm/project/fan/sb2723/00.database/hg38/gencode.v39.annotation.gtf')('ref_map', '/gpfs/ysm/project/fan/sb2723/00.database/hg38/STARindex')('remove_polyA_distance', 10)('remove_polyC_distance', 10)('remove_polyG_distance', 10)('remove_polyN_distance', 10)('remove_polyT_distance', 10)('saturation_points', None)('star_genome_loading', 'NoSharedMemory')('star_sort_mem_limit', 0)('strandness', 'yes')('taggd_metric', 'Subglobal')('taggd_multiple_hits_keep_one', False)('taggd_trim_sequences', None)('temp_folder', '/gpfs/ysm/project/fan/sb2723/07.DBiT_GBM/03.stpipeline/GBM220418A/tmp')('threads', 16)('transcriptome', False)('trimming_rv', 0)('two_pass_mode', True)('umi_allowed_mismatches', 1)('umi_cluster_algorithm', 'AdjacentBi')('umi_counting_offset', 250)('umi_end_position', 26)('umi_filter', False)('umi_filter_template', 'WSNNWSNNV')('umi_quality_bases', 6)('umi_start_position', 16)('verbose', True)
max_genes_feature: 2147
min_genes_feature: 1
max_reads_feature: 3746.0
min_reads_feature: 1.0
avergage_gene_feature: 210.19575660528423
average_reads_feature: 264.0880704563651
ST Pipeline, run completed!
Warning, gene name ENSG00000284770.2 was already matched so the original Ensembl ID ENSG00000284770.2 will be kept
Warning, gene name ENSG00000252965.1 was already matched so the original Ensembl ID ENSG00000252965.1 will be kept
Warning, gene name ENSG00000207368.1 was already matched so the original Ensembl ID ENSG00000207368.1 will be kept
Warning, gene name ENSG00000200553.1 was already matched so the original Ensembl ID ENSG00000200553.1 will be kept
Warning, gene name ENSG00000276178.1 was already matched so the original Ensembl ID ENSG00000276178.1 will be kept
Warning, gene name ENSG00000199870.1 was already matched so the original Ensembl ID ENSG00000199870.1 will be kept
Warning, gene name ENSG00000200874.1 was already matched so the original Ensembl ID ENSG00000200874.1 will be kept
Warning, gene name ENSG00000201959.1 was already matched so the original Ensembl ID ENSG00000201959.1 will be kept
Warning, gene name ENSG00000200397.1 was already matched so the original Ensembl ID ENSG00000200397.1 will be kept
Warning, gene name ENSG00000285437.2 was already matched so the original Ensembl ID ENSG00000285437.2 will be kept
Warning, gene name ENSG00000200834.1 was already matched so the original Ensembl ID ENSG00000200834.1 will be kept
Warning, gene name ENSG00000238933.1 was already matched so the original Ensembl ID ENSG00000238933.1 will be kept
Warning, gene name ENSG00000202523.1 was already matched so the original Ensembl ID ENSG00000202523.1 will be kept
Warning, gene name ENSG00000252985.1 was already matched so the original Ensembl ID ENSG00000252985.1 will be kept
Warning, gene name ENSG00000222421.1 was already matched so the original Ensembl ID ENSG00000222421.1 will be kept
Warning, gene name ENSG00000199881.1 was already matched so the original Ensembl ID ENSG00000199881.1 will be kept
Warning, gene name ENSG00000207189.1 was already matched so the original Ensembl ID ENSG00000207189.1 will be kept
Warning, gene name ENSG00000288601.1 was already matched so the original Ensembl ID ENSG00000288601.1 will be kept
Warning, gene name ENSG00000207525.1 was already matched so the original Ensembl ID ENSG00000207525.1 will be kept
Warning, gene name ENSG00000274487.3 was already matched so the original Ensembl ID ENSG00000274487.3 will be kept
Warning, gene name ENSG00000206734.1 was already matched so the original Ensembl ID ENSG00000206734.1 will be kept
Warning, gene name ENSG00000276902.1 was already matched so the original Ensembl ID ENSG00000276902.1 will be kept
Warning, gene name ENSG00000276871.1 was already matched so the original Ensembl ID ENSG00000276871.1 will be kept
Warning, gene name ENSG00000277900.1 was already matched so the original Ensembl ID ENSG00000277900.1 will be kept
Warning, gene name ENSG00000269226.7 was already matched so the original Ensembl ID ENSG00000269226.7 will be kept
Warning, gene name ENSG00000182378.15_PAR_Y was already matched so the original Ensembl ID ENSG00000182378.15_PAR_Y will be kept
Warning, gene name ENSG00000178605.13_PAR_Y was already matched so the original Ensembl ID ENSG00000178605.13_PAR_Y will be kept
Warning, gene name ENSG00000167393.18_PAR_Y was already matched so the original Ensembl ID ENSG00000167393.18_PAR_Y will be kept
Warning, gene name ENSG00000198223.17_PAR_Y was already matched so the original Ensembl ID ENSG00000198223.17_PAR_Y will be kept
Warning, gene name ENSG00000185291.12_PAR_Y was already matched so the original Ensembl ID ENSG00000185291.12_PAR_Y will be kept
Warning, gene name ENSG00000169100.14_PAR_Y was already matched so the original Ensembl ID ENSG00000169100.14_PAR_Y will be kept
Warning, gene name ENSG00000236871.7_PAR_Y was already matched so the original Ensembl ID ENSG00000236871.7_PAR_Y will be kept
Warning, gene name ENSG00000169093.16_PAR_Y was already matched so the original Ensembl ID ENSG00000169093.16_PAR_Y will be kept
Warning, gene name ENSG00000197976.12_PAR_Y was already matched so the original Ensembl ID ENSG00000197976.12_PAR_Y will be kept
Warning, gene name ENSG00000223571.6_PAR_Y was already matched so the original Ensembl ID ENSG00000223571.6_PAR_Y will be kept
Warning, gene name ENSG00000169084.15_PAR_Y was already matched so the original Ensembl ID ENSG00000169084.15_PAR_Y will be kept
Warning, gene name ENSG00000214717.12_PAR_Y was already matched so the original Ensembl ID ENSG00000214717.12_PAR_Y will be kept
Warning, gene name ENSG00000223773.8_PAR_Y was already matched so the original Ensembl ID ENSG00000223773.8_PAR_Y will be kept
Warning, gene name ENSG00000002586.20_PAR_Y was already matched so the original Ensembl ID ENSG00000002586.20_PAR_Y will be kept
Warning, gene name ENSG00000124333.16_PAR_Y was already matched so the original Ensembl ID ENSG00000124333.16_PAR_Y will be kept
Warning, gene name ENSG00000182484.15_PAR_Y was already matched so the original Ensembl ID ENSG00000182484.15_PAR_Y will be kept
